INFO:     Will watch for changes in these directories: ['/home/alexpool/code/caguayo/backend']
INFO:     Uvicorn running on http://0.0.0.0:8000 (Press CTRL+C to quit)
INFO:     Started reloader process [40334] using WatchFiles
INFO:     Started server process [40422]
INFO:     Waiting for application startup.
INFO:     Application startup complete.
2026-03-18 12:38:40,606 - watchfiles.main - INFO - 1 change detected
2026-03-18 12:38:40,958 - watchfiles.main - INFO - 1 change detected
2026-03-18 12:38:41,309 - watchfiles.main - INFO - 1 change detected
2026-03-18 12:38:41,660 - watchfiles.main - INFO - 1 change detected
2026-03-18 12:38:42,011 - watchfiles.main - INFO - 1 change detected
2026-03-18 12:38:42,363 - watchfiles.main - INFO - 1 change detected
2026-03-18 12:38:42,714 - watchfiles.main - INFO - 1 change detected
2026-03-18 12:38:43,064 - watchfiles.main - INFO - 1 change detected
2026-03-18 12:38:43,415 - watchfiles.main - INFO - 1 change detected
2026-03-18 12:38:43,767 - watchfiles.main - INFO - 1 change detected
2026-03-18 12:38:44,117 - watchfiles.main - INFO - 1 change detected
2026-03-18 12:38:44,468 - watchfiles.main - INFO - 1 change detected
2026-03-18 12:38:44,819 - watchfiles.main - INFO - 1 change detected
2026-03-18 12:38:45,170 - watchfiles.main - INFO - 1 change detected
2026-03-18 12:38:45,521 - watchfiles.main - INFO - 1 change detected
2026-03-18 12:38:45,872 - watchfiles.main - INFO - 1 change detected
2026-03-18 12:38:46,223 - watchfiles.main - INFO - 1 change detected
2026-03-18 12:38:46,574 - watchfiles.main - INFO - 1 change detected
2026-03-18 12:38:46,925 - watchfiles.main - INFO - 1 change detected
2026-03-18 12:38:47,276 - watchfiles.main - INFO - 1 change detected
2026-03-18 12:38:47,627 - watchfiles.main - INFO - 1 change detected
2026-03-18 12:38:47,978 - watchfiles.main - INFO - 1 change detected
2026-03-18 12:38:48,330 - watchfiles.main - INFO - 1 change detected
2026-03-18 12:38:48,681 - watchfiles.main - INFO - 1 change detected
2026-03-18 12:38:49,032 - watchfiles.main - INFO - 1 change detected
2026-03-18 12:38:49,383 - watchfiles.main - INFO - 1 change detected
2026-03-18 12:38:49,734 - watchfiles.main - INFO - 1 change detected
2026-03-18 12:38:50,085 - watchfiles.main - INFO - 1 change detected
2026-03-18 12:38:50,436 - watchfiles.main - INFO - 1 change detected
2026-03-18 12:38:50,787 - watchfiles.main - INFO - 1 change detected
2026-03-18 12:38:51,138 - watchfiles.main - INFO - 1 change detected
2026-03-18 12:38:51,489 - watchfiles.main - INFO - 1 change detected
2026-03-18 12:38:51,840 - watchfiles.main - INFO - 1 change detected
2026-03-18 12:38:52,191 - watchfiles.main - INFO - 1 change detected
2026-03-18 12:38:52,542 - watchfiles.main - INFO - 1 change detected
2026-03-18 12:38:52,893 - watchfiles.main - INFO - 1 change detected
2026-03-18 12:38:53,244 - watchfiles.main - INFO - 1 change detected
INFO:     127.0.0.1:41944 - "GET /health HTTP/1.1" 200 OK
2026-03-18 12:38:53,595 - watchfiles.main - INFO - 1 change detected
2026-03-18 12:38:53,946 - watchfiles.main - INFO - 1 change detected
2026-03-18 12:38:54,297 - watchfiles.main - INFO - 1 change detected
2026-03-18 12:38:54,651 - watchfiles.main - INFO - 1 change detected
2026-03-18 12:38:55,002 - watchfiles.main - INFO - 1 change detected
2026-03-18 12:38:55,354 - watchfiles.main - INFO - 1 change detected
2026-03-18 12:38:55,705 - watchfiles.main - INFO - 1 change detected
2026-03-18 12:38:56,056 - watchfiles.main - INFO - 1 change detected
2026-03-18 12:38:56,407 - watchfiles.main - INFO - 1 change detected
2026-03-18 12:38:56,758 - watchfiles.main - INFO - 1 change detected
2026-03-18 12:38:57,109 - watchfiles.main - INFO - 1 change detected
2026-03-18 12:38:57,460 - watchfiles.main - INFO - 1 change detected
2026-03-18 12:38:57,811 - watchfiles.main - INFO - 1 change detected
2026-03-18 12:38:58,162 - watchfiles.main - INFO - 1 change detected
2026-03-18 12:38:58,513 - watchfiles.main - INFO - 1 change detected
2026-03-18 12:38:58,865 - watchfiles.main - INFO - 1 change detected
2026-03-18 12:38:59,216 - watchfiles.main - INFO - 1 change detected
2026-03-18 12:38:59,567 - watchfiles.main - INFO - 1 change detected
2026-03-18 12:38:59,918 - watchfiles.main - INFO - 1 change detected
2026-03-18 12:39:00,269 - watchfiles.main - INFO - 1 change detected
2026-03-18 12:39:00,620 - watchfiles.main - INFO - 1 change detected
2026-03-18 12:39:00,971 - watchfiles.main - INFO - 1 change detected
2026-03-18 12:39:01,322 - watchfiles.main - INFO - 1 change detected
2026-03-18 12:39:01,674 - watchfiles.main - INFO - 1 change detected
2026-03-18 12:39:02,025 - watchfiles.main - INFO - 1 change detected
2026-03-18 12:39:02,376 - watchfiles.main - INFO - 1 change detected
2026-03-18 12:39:02,727 - watchfiles.main - INFO - 1 change detected
2026-03-18 12:39:03,078 - watchfiles.main - INFO - 1 change detected
2026-03-18 12:39:03,431 - watchfiles.main - INFO - 1 change detected
2026-03-18 12:39:03,782 - watchfiles.main - INFO - 1 change detected
2026-03-18 12:39:04,134 - watchfiles.main - INFO - 1 change detected
2026-03-18 12:39:04,485 - watchfiles.main - INFO - 1 change detected
2026-03-18 12:39:04,836 - watchfiles.main - INFO - 1 change detected
2026-03-18 12:39:05,187 - watchfiles.main - INFO - 1 change detected
2026-03-18 12:39:05,538 - watchfiles.main - INFO - 1 change detected
2026-03-18 12:39:05,890 - watchfiles.main - INFO - 1 change detected
2026-03-18 12:39:06,241 - watchfiles.main - INFO - 1 change detected
2026-03-18 12:39:06,592 - watchfiles.main - INFO - 1 change detected
2026-03-18 12:39:06,946 - watchfiles.main - INFO - 1 change detected
2026-03-18 12:39:07,299 - watchfiles.main - INFO - 1 change detected
2026-03-18 12:39:07,651 - watchfiles.main - INFO - 1 change detected
2026-03-18 12:39:08,002 - watchfiles.main - INFO - 1 change detected
2026-03-18 12:39:08,353 - watchfiles.main - INFO - 1 change detected
2026-03-18 12:39:08,704 - watchfiles.main - INFO - 1 change detected
2026-03-18 12:39:09,055 - watchfiles.main - INFO - 1 change detected
2026-03-18 12:39:09,407 - watchfiles.main - INFO - 1 change detected
2026-03-18 12:39:09,758 - watchfiles.main - INFO - 1 change detected
2026-03-18 12:39:10,110 - watchfiles.main - INFO - 1 change detected
2026-03-18 12:39:10,461 - watchfiles.main - INFO - 1 change detected
2026-03-18 12:39:10,813 - watchfiles.main - INFO - 1 change detected
2026-03-18 12:39:11,164 - watchfiles.main - INFO - 1 change detected
2026-03-18 12:39:11,515 - watchfiles.main - INFO - 1 change detected
2026-03-18 12:39:11,866 - watchfiles.main - INFO - 1 change detected
2026-03-18 12:39:12,217 - watchfiles.main - INFO - 1 change detected
2026-03-18 12:39:12,568 - watchfiles.main - INFO - 1 change detected
2026-03-18 12:39:12,919 - watchfiles.main - INFO - 1 change detected
2026-03-18 12:39:13,277 - watchfiles.main - INFO - 1 change detected
2026-03-18 12:39:13,629 - watchfiles.main - INFO - 1 change detected
2026-03-18 12:39:13,980 - watchfiles.main - INFO - 1 change detected
2026-03-18 12:39:14,332 - watchfiles.main - INFO - 1 change detected
2026-03-18 12:39:14,684 - watchfiles.main - INFO - 1 change detected
2026-03-18 12:39:15,035 - watchfiles.main - INFO - 1 change detected
2026-03-18 12:39:15,386 - watchfiles.main - INFO - 1 change detected
2026-03-18 12:39:15,737 - watchfiles.main - INFO - 1 change detected
2026-03-18 12:39:16,088 - watchfiles.main - INFO - 1 change detected
2026-03-18 12:39:16,439 - watchfiles.main - INFO - 1 change detected
2026-03-18 12:39:16,791 - watchfiles.main - INFO - 1 change detected
2026-03-18 12:39:17,144 - watchfiles.main - INFO - 1 change detected
2026-03-18 12:39:17,495 - watchfiles.main - INFO - 1 change detected
2026-03-18 12:39:17,849 - watchfiles.main - INFO - 1 change detected
2026-03-18 12:39:18,200 - watchfiles.main - INFO - 1 change detected
2026-03-18 12:39:18,551 - watchfiles.main - INFO - 1 change detected
2026-03-18 12:39:18,902 - watchfiles.main - INFO - 1 change detected
2026-03-18 12:39:19,253 - watchfiles.main - INFO - 1 change detected
2026-03-18 12:39:19,604 - watchfiles.main - INFO - 1 change detected
2026-03-18 12:39:19,955 - watchfiles.main - INFO - 1 change detected
2026-03-18 12:39:20,306 - watchfiles.main - INFO - 1 change detected
2026-03-18 12:39:20,657 - watchfiles.main - INFO - 1 change detected
2026-03-18 12:39:21,009 - watchfiles.main - INFO - 1 change detected
2026-03-18 12:39:21,360 - watchfiles.main - INFO - 1 change detected
2026-03-18 12:39:21,711 - watchfiles.main - INFO - 1 change detected
2026-03-18 12:39:22,063 - watchfiles.main - INFO - 1 change detected
2026-03-18 12:39:22,416 - watchfiles.main - INFO - 1 change detected
2026-03-18 12:39:22,767 - watchfiles.main - INFO - 1 change detected
2026-03-18 12:39:23,119 - watchfiles.main - INFO - 1 change detected
2026-03-18 12:39:23,470 - watchfiles.main - INFO - 1 change detected
2026-03-18 12:39:23,821 - watchfiles.main - INFO - 1 change detected
2026-03-18 12:39:24,172 - watchfiles.main - INFO - 1 change detected
2026-03-18 12:39:24,523 - watchfiles.main - INFO - 1 change detected
2026-03-18 12:39:24,874 - watchfiles.main - INFO - 1 change detected
2026-03-18 12:39:25,225 - watchfiles.main - INFO - 1 change detected
2026-03-18 12:39:25,577 - watchfiles.main - INFO - 1 change detected
2026-03-18 12:39:25,928 - watchfiles.main - INFO - 1 change detected
2026-03-18 12:39:26,279 - watchfiles.main - INFO - 1 change detected
2026-03-18 12:39:26,630 - watchfiles.main - INFO - 1 change detected
2026-03-18 12:39:26,981 - watchfiles.main - INFO - 1 change detected
2026-03-18 12:39:27,332 - watchfiles.main - INFO - 1 change detected
2026-03-18 12:39:27,684 - watchfiles.main - INFO - 1 change detected
2026-03-18 12:39:28,035 - watchfiles.main - INFO - 1 change detected
2026-03-18 12:39:28,386 - watchfiles.main - INFO - 1 change detected
2026-03-18 12:39:28,737 - watchfiles.main - INFO - 1 change detected
2026-03-18 12:39:29,089 - watchfiles.main - INFO - 1 change detected
2026-03-18 12:39:29,440 - watchfiles.main - INFO - 1 change detected
2026-03-18 12:39:29,791 - watchfiles.main - INFO - 1 change detected
2026-03-18 12:39:30,143 - watchfiles.main - INFO - 1 change detected
2026-03-18 12:39:30,494 - watchfiles.main - INFO - 1 change detected
2026-03-18 12:39:30,845 - watchfiles.main - INFO - 1 change detected
2026-03-18 12:39:31,196 - watchfiles.main - INFO - 1 change detected
2026-03-18 12:39:31,547 - watchfiles.main - INFO - 1 change detected
2026-03-18 12:39:31,898 - watchfiles.main - INFO - 1 change detected
2026-03-18 12:39:32,249 - watchfiles.main - INFO - 1 change detected
2026-03-18 12:39:32,600 - watchfiles.main - INFO - 1 change detected
2026-03-18 12:39:32,951 - watchfiles.main - INFO - 1 change detected
2026-03-18 12:39:33,302 - watchfiles.main - INFO - 1 change detected
2026-03-18 12:39:33,653 - watchfiles.main - INFO - 1 change detected
2026-03-18 12:39:34,004 - watchfiles.main - INFO - 1 change detected
2026-03-18 12:39:34,355 - watchfiles.main - INFO - 1 change detected
2026-03-18 12:39:34,707 - watchfiles.main - INFO - 1 change detected
2026-03-18 12:39:35,058 - watchfiles.main - INFO - 1 change detected
2026-03-18 12:39:35,409 - watchfiles.main - INFO - 1 change detected
2026-03-18 12:39:35,760 - watchfiles.main - INFO - 1 change detected
2026-03-18 12:39:36,111 - watchfiles.main - INFO - 1 change detected
2026-03-18 12:39:36,462 - watchfiles.main - INFO - 1 change detected
2026-03-18 12:39:36,813 - watchfiles.main - INFO - 1 change detected
2026-03-18 12:39:37,165 - watchfiles.main - INFO - 1 change detected
2026-03-18 12:39:37,516 - watchfiles.main - INFO - 1 change detected
2026-03-18 12:39:37,867 - watchfiles.main - INFO - 1 change detected
2026-03-18 12:39:38,218 - watchfiles.main - INFO - 1 change detected
2026-03-18 12:39:38,570 - watchfiles.main - INFO - 1 change detected
2026-03-18 12:39:38,921 - watchfiles.main - INFO - 1 change detected
2026-03-18 12:39:39,272 - watchfiles.main - INFO - 1 change detected
2026-03-18 12:39:39,624 - watchfiles.main - INFO - 1 change detected
2026-03-18 12:39:39,975 - watchfiles.main - INFO - 1 change detected
2026-03-18 12:39:40,326 - watchfiles.main - INFO - 1 change detected
2026-03-18 12:39:40,677 - watchfiles.main - INFO - 1 change detected
2026-03-18 12:39:41,028 - watchfiles.main - INFO - 1 change detected
2026-03-18 12:39:41,379 - watchfiles.main - INFO - 1 change detected
2026-03-18 12:39:41,730 - watchfiles.main - INFO - 1 change detected
2026-03-18 12:39:42,081 - watchfiles.main - INFO - 1 change detected
2026-03-18 12:39:42,432 - watchfiles.main - INFO - 1 change detected
2026-03-18 12:39:42,783 - watchfiles.main - INFO - 1 change detected
2026-03-18 12:39:43,134 - watchfiles.main - INFO - 1 change detected
2026-03-18 12:39:43,485 - watchfiles.main - INFO - 1 change detected
2026-03-18 12:39:43,836 - watchfiles.main - INFO - 1 change detected
2026-03-18 12:39:44,187 - watchfiles.main - INFO - 1 change detected
2026-03-18 12:39:44,538 - watchfiles.main - INFO - 1 change detected
2026-03-18 12:39:44,890 - watchfiles.main - INFO - 1 change detected
2026-03-18 12:39:45,241 - watchfiles.main - INFO - 1 change detected
2026-03-18 12:39:45,592 - watchfiles.main - INFO - 1 change detected
2026-03-18 12:39:45,943 - watchfiles.main - INFO - 1 change detected
2026-03-18 12:39:46,294 - watchfiles.main - INFO - 1 change detected
2026-03-18 12:39:46,645 - watchfiles.main - INFO - 1 change detected
2026-03-18 12:39:46,996 - watchfiles.main - INFO - 1 change detected
2026-03-18 12:39:47,347 - watchfiles.main - INFO - 1 change detected
2026-03-18 12:39:47,698 - watchfiles.main - INFO - 1 change detected
2026-03-18 12:39:48,049 - watchfiles.main - INFO - 1 change detected
2026-03-18 12:39:48,400 - watchfiles.main - INFO - 1 change detected
2026-03-18 12:39:48,751 - watchfiles.main - INFO - 1 change detected
2026-03-18 12:39:49,102 - watchfiles.main - INFO - 1 change detected
2026-03-18 12:39:49,453 - watchfiles.main - INFO - 1 change detected
2026-03-18 12:39:49,804 - watchfiles.main - INFO - 1 change detected
2026-03-18 12:39:50,155 - watchfiles.main - INFO - 1 change detected
2026-03-18 12:39:50,506 - watchfiles.main - INFO - 1 change detected
2026-03-18 12:39:50,858 - watchfiles.main - INFO - 1 change detected
2026-03-18 12:39:51,209 - watchfiles.main - INFO - 1 change detected
2026-03-18 12:39:51,560 - watchfiles.main - INFO - 1 change detected
2026-03-18 12:39:51,911 - watchfiles.main - INFO - 1 change detected
2026-03-18 12:39:52,262 - watchfiles.main - INFO - 1 change detected
2026-03-18 12:39:52,613 - watchfiles.main - INFO - 1 change detected
2026-03-18 12:39:52,964 - watchfiles.main - INFO - 1 change detected
2026-03-18 12:39:53,315 - watchfiles.main - INFO - 1 change detected
2026-03-18 12:39:53,666 - watchfiles.main - INFO - 1 change detected
2026-03-18 12:39:54,017 - watchfiles.main - INFO - 1 change detected
2026-03-18 12:39:54,368 - watchfiles.main - INFO - 1 change detected
2026-03-18 12:39:54,719 - watchfiles.main - INFO - 1 change detected
2026-03-18 12:39:55,070 - watchfiles.main - INFO - 1 change detected
2026-03-18 12:39:55,421 - watchfiles.main - INFO - 1 change detected
2026-03-18 12:39:55,772 - watchfiles.main - INFO - 1 change detected
2026-03-18 12:39:56,125 - watchfiles.main - INFO - 1 change detected
2026-03-18 12:39:56,479 - watchfiles.main - INFO - 1 change detected
2026-03-18 12:39:56,832 - watchfiles.main - INFO - 1 change detected
2026-03-18 12:39:57,185 - watchfiles.main - INFO - 1 change detected
2026-03-18 12:39:57,536 - watchfiles.main - INFO - 1 change detected
2026-03-18 12:39:57,888 - watchfiles.main - INFO - 1 change detected
2026-03-18 12:39:58,133 INFO sqlalchemy.engine.Engine select pg_catalog.version()
2026-03-18 12:39:58,133 - sqlalchemy.engine.Engine - INFO - select pg_catalog.version()
2026-03-18 12:39:58,134 INFO sqlalchemy.engine.Engine [raw sql] ()
2026-03-18 12:39:58,134 - sqlalchemy.engine.Engine - INFO - [raw sql] ()
2026-03-18 12:39:58,141 INFO sqlalchemy.engine.Engine select current_schema()
2026-03-18 12:39:58,141 - sqlalchemy.engine.Engine - INFO - select current_schema()
2026-03-18 12:39:58,141 INFO sqlalchemy.engine.Engine [raw sql] ()
2026-03-18 12:39:58,141 - sqlalchemy.engine.Engine - INFO - [raw sql] ()
2026-03-18 12:39:58,145 INFO sqlalchemy.engine.Engine show standard_conforming_strings
2026-03-18 12:39:58,145 - sqlalchemy.engine.Engine - INFO - show standard_conforming_strings
2026-03-18 12:39:58,146 INFO sqlalchemy.engine.Engine [raw sql] ()
2026-03-18 12:39:58,146 - sqlalchemy.engine.Engine - INFO - [raw sql] ()
2026-03-18 12:39:58,150 INFO sqlalchemy.engine.Engine BEGIN (implicit)
2026-03-18 12:39:58,150 - sqlalchemy.engine.Engine - INFO - BEGIN (implicit)
2026-03-18 12:39:58,169 INFO sqlalchemy.engine.Engine SELECT clientes.id_cliente, clientes.numero_cliente, clientes.nombre, clientes.tipo_persona, clientes.cedula_rif, clientes.telefono, clientes.email, clientes.fax, clientes.web, clientes.id_provincia, clientes.id_municipio, clientes.codigo_postal, clientes.direccion, clientes.tipo_relacion, clientes.estado, clientes.fecha_registro, clientes.activo 
FROM clientes ORDER BY clientes.nombre 
 LIMIT $1::INTEGER OFFSET $2::INTEGER
2026-03-18 12:39:58,169 - sqlalchemy.engine.Engine - INFO - SELECT clientes.id_cliente, clientes.numero_cliente, clientes.nombre, clientes.tipo_persona, clientes.cedula_rif, clientes.telefono, clientes.email, clientes.fax, clientes.web, clientes.id_provincia, clientes.id_municipio, clientes.codigo_postal, clientes.direccion, clientes.tipo_relacion, clientes.estado, clientes.fecha_registro, clientes.activo 
FROM clientes ORDER BY clientes.nombre 
 LIMIT $1::INTEGER OFFSET $2::INTEGER
2026-03-18 12:39:58,170 INFO sqlalchemy.engine.Engine [generated in 0.00069s] (100, 0)
2026-03-18 12:39:58,170 - sqlalchemy.engine.Engine - INFO - [generated in 0.00069s] (100, 0)
2026-03-18 12:39:58,171 INFO sqlalchemy.engine.Engine BEGIN (implicit)
2026-03-18 12:39:58,171 - sqlalchemy.engine.Engine - INFO - BEGIN (implicit)
2026-03-18 12:39:58,174 INFO sqlalchemy.engine.Engine SELECT provincia.id_provincia, provincia.nombre 
FROM provincia 
 LIMIT $1::INTEGER OFFSET $2::INTEGER
2026-03-18 12:39:58,174 - sqlalchemy.engine.Engine - INFO - SELECT provincia.id_provincia, provincia.nombre 
FROM provincia 
 LIMIT $1::INTEGER OFFSET $2::INTEGER
2026-03-18 12:39:58,174 INFO sqlalchemy.engine.Engine [generated in 0.00056s] (100, 0)
2026-03-18 12:39:58,174 - sqlalchemy.engine.Engine - INFO - [generated in 0.00056s] (100, 0)
2026-03-18 12:39:58,175 INFO sqlalchemy.engine.Engine BEGIN (implicit)
2026-03-18 12:39:58,175 - sqlalchemy.engine.Engine - INFO - BEGIN (implicit)
2026-03-18 12:39:58,178 INFO sqlalchemy.engine.Engine SELECT tipo_entidad.id_tipo_entidad, tipo_entidad.nombre, tipo_entidad.descripcion 
FROM tipo_entidad
2026-03-18 12:39:58,178 - sqlalchemy.engine.Engine - INFO - SELECT tipo_entidad.id_tipo_entidad, tipo_entidad.nombre, tipo_entidad.descripcion 
FROM tipo_entidad
2026-03-18 12:39:58,178 INFO sqlalchemy.engine.Engine [generated in 0.00061s] ()
2026-03-18 12:39:58,178 - sqlalchemy.engine.Engine - INFO - [generated in 0.00061s] ()
INFO:     127.0.0.1:42382 - "GET /api/v1/tipos-entidad HTTP/1.1" 200 OK
2026-03-18 12:39:58,192 INFO sqlalchemy.engine.Engine ROLLBACK
2026-03-18 12:39:58,192 - sqlalchemy.engine.Engine - INFO - ROLLBACK
INFO:     127.0.0.1:42392 - "GET /api/v1/dependencias/ubicaciones/provincias HTTP/1.1" 200 OK
INFO:     127.0.0.1:42378 - "GET /api/v1/clientes?skip=0&limit=100 HTTP/1.1" 200 OK
2026-03-18 12:39:58,219 INFO sqlalchemy.engine.Engine ROLLBACK
2026-03-18 12:39:58,219 - sqlalchemy.engine.Engine - INFO - ROLLBACK
2026-03-18 12:39:58,220 INFO sqlalchemy.engine.Engine ROLLBACK
2026-03-18 12:39:58,220 - sqlalchemy.engine.Engine - INFO - ROLLBACK
2026-03-18 12:39:58,240 - watchfiles.main - INFO - 1 change detected
2026-03-18 12:39:58,591 - watchfiles.main - INFO - 1 change detected
2026-03-18 12:39:58,942 - watchfiles.main - INFO - 1 change detected
2026-03-18 12:39:59,294 - watchfiles.main - INFO - 1 change detected
2026-03-18 12:39:59,645 - watchfiles.main - INFO - 1 change detected
2026-03-18 12:39:59,996 - watchfiles.main - INFO - 1 change detected
2026-03-18 12:40:00,347 - watchfiles.main - INFO - 1 change detected
2026-03-18 12:40:00,698 - watchfiles.main - INFO - 1 change detected
2026-03-18 12:40:01,049 - watchfiles.main - INFO - 1 change detected
2026-03-18 12:40:01,400 - watchfiles.main - INFO - 1 change detected
2026-03-18 12:40:01,751 - watchfiles.main - INFO - 1 change detected
2026-03-18 12:40:02,102 - watchfiles.main - INFO - 1 change detected
2026-03-18 12:40:02,453 - watchfiles.main - INFO - 1 change detected
2026-03-18 12:40:02,804 - watchfiles.main - INFO - 1 change detected
2026-03-18 12:40:03,155 - watchfiles.main - INFO - 1 change detected
2026-03-18 12:40:03,508 - watchfiles.main - INFO - 1 change detected
2026-03-18 12:40:03,859 - watchfiles.main - INFO - 1 change detected
2026-03-18 12:40:04,210 - watchfiles.main - INFO - 1 change detected
2026-03-18 12:40:04,561 - watchfiles.main - INFO - 1 change detected
2026-03-18 12:40:04,912 - watchfiles.main - INFO - 1 change detected
2026-03-18 12:40:05,264 - watchfiles.main - INFO - 1 change detected
2026-03-18 12:40:05,615 - watchfiles.main - INFO - 1 change detected
2026-03-18 12:40:05,966 - watchfiles.main - INFO - 1 change detected
2026-03-18 12:40:06,317 - watchfiles.main - INFO - 1 change detected
2026-03-18 12:40:06,668 - watchfiles.main - INFO - 1 change detected
2026-03-18 12:40:07,019 - watchfiles.main - INFO - 1 change detected
2026-03-18 12:40:07,370 - watchfiles.main - INFO - 1 change detected
2026-03-18 12:40:07,721 - watchfiles.main - INFO - 1 change detected
2026-03-18 12:40:08,072 - watchfiles.main - INFO - 1 change detected
2026-03-18 12:40:08,423 - watchfiles.main - INFO - 1 change detected
2026-03-18 12:40:08,774 - watchfiles.main - INFO - 1 change detected
2026-03-18 12:40:09,125 - watchfiles.main - INFO - 1 change detected
2026-03-18 12:40:09,477 - watchfiles.main - INFO - 1 change detected
2026-03-18 12:40:09,827 - watchfiles.main - INFO - 1 change detected
2026-03-18 12:40:10,178 - watchfiles.main - INFO - 1 change detected
2026-03-18 12:40:10,529 - watchfiles.main - INFO - 1 change detected
2026-03-18 12:40:10,880 - watchfiles.main - INFO - 1 change detected
2026-03-18 12:40:11,231 - watchfiles.main - INFO - 1 change detected
2026-03-18 12:40:11,582 - watchfiles.main - INFO - 1 change detected
2026-03-18 12:40:11,933 - watchfiles.main - INFO - 1 change detected
2026-03-18 12:40:12,284 - watchfiles.main - INFO - 1 change detected
2026-03-18 12:40:12,636 - watchfiles.main - INFO - 1 change detected
2026-03-18 12:40:12,987 - watchfiles.main - INFO - 1 change detected
2026-03-18 12:40:13,338 - watchfiles.main - INFO - 1 change detected
2026-03-18 12:40:13,689 - watchfiles.main - INFO - 1 change detected
2026-03-18 12:40:14,040 - watchfiles.main - INFO - 1 change detected
2026-03-18 12:40:14,391 - watchfiles.main - INFO - 1 change detected
2026-03-18 12:40:14,743 - watchfiles.main - INFO - 1 change detected
2026-03-18 12:40:15,093 - watchfiles.main - INFO - 1 change detected
2026-03-18 12:40:15,445 - watchfiles.main - INFO - 1 change detected
2026-03-18 12:40:15,796 - watchfiles.main - INFO - 1 change detected
2026-03-18 12:40:16,147 - watchfiles.main - INFO - 1 change detected
2026-03-18 12:40:16,498 - watchfiles.main - INFO - 1 change detected
2026-03-18 12:40:16,849 - watchfiles.main - INFO - 1 change detected
2026-03-18 12:40:17,200 - watchfiles.main - INFO - 1 change detected
2026-03-18 12:40:17,551 - watchfiles.main - INFO - 1 change detected
2026-03-18 12:40:17,902 - watchfiles.main - INFO - 1 change detected
2026-03-18 12:40:18,253 - watchfiles.main - INFO - 1 change detected
2026-03-18 12:40:18,604 - watchfiles.main - INFO - 1 change detected
2026-03-18 12:40:18,955 - watchfiles.main - INFO - 1 change detected
2026-03-18 12:40:19,307 - watchfiles.main - INFO - 1 change detected
2026-03-18 12:40:19,657 - watchfiles.main - INFO - 1 change detected
2026-03-18 12:40:20,009 - watchfiles.main - INFO - 1 change detected
2026-03-18 12:40:20,360 - watchfiles.main - INFO - 1 change detected
2026-03-18 12:40:20,711 - watchfiles.main - INFO - 1 change detected
2026-03-18 12:40:21,062 - watchfiles.main - INFO - 1 change detected
2026-03-18 12:40:21,413 - watchfiles.main - INFO - 1 change detected
2026-03-18 12:40:21,764 - watchfiles.main - INFO - 1 change detected
2026-03-18 12:40:22,115 - watchfiles.main - INFO - 1 change detected
2026-03-18 12:40:22,466 - watchfiles.main - INFO - 1 change detected
2026-03-18 12:40:22,817 - watchfiles.main - INFO - 1 change detected
2026-03-18 12:40:23,169 - watchfiles.main - INFO - 1 change detected
2026-03-18 12:40:23,520 - watchfiles.main - INFO - 1 change detected
2026-03-18 12:40:23,871 - watchfiles.main - INFO - 1 change detected
2026-03-18 12:40:24,222 - watchfiles.main - INFO - 1 change detected
2026-03-18 12:40:24,574 - watchfiles.main - INFO - 1 change detected
2026-03-18 12:40:24,925 - watchfiles.main - INFO - 1 change detected
2026-03-18 12:40:25,277 - watchfiles.main - INFO - 1 change detected
2026-03-18 12:40:25,628 - watchfiles.main - INFO - 1 change detected
2026-03-18 12:40:25,979 - watchfiles.main - INFO - 1 change detected
2026-03-18 12:40:26,330 - watchfiles.main - INFO - 1 change detected
2026-03-18 12:40:26,681 - watchfiles.main - INFO - 1 change detected
2026-03-18 12:40:27,032 - watchfiles.main - INFO - 1 change detected
2026-03-18 12:40:27,383 - watchfiles.main - INFO - 1 change detected
2026-03-18 12:40:27,734 - watchfiles.main - INFO - 1 change detected
2026-03-18 12:40:28,085 - watchfiles.main - INFO - 1 change detected
2026-03-18 12:40:28,436 - watchfiles.main - INFO - 1 change detected
2026-03-18 12:40:28,787 - watchfiles.main - INFO - 1 change detected
2026-03-18 12:40:29,140 - watchfiles.main - INFO - 1 change detected
2026-03-18 12:40:29,491 - watchfiles.main - INFO - 1 change detected
2026-03-18 12:40:29,842 - watchfiles.main - INFO - 1 change detected
2026-03-18 12:40:30,193 - watchfiles.main - INFO - 1 change detected
2026-03-18 12:40:30,544 - watchfiles.main - INFO - 1 change detected
2026-03-18 12:40:30,895 - watchfiles.main - INFO - 1 change detected
2026-03-18 12:40:31,247 - watchfiles.main - INFO - 1 change detected
2026-03-18 12:40:31,598 - watchfiles.main - INFO - 1 change detected
2026-03-18 12:40:31,951 - watchfiles.main - INFO - 1 change detected
2026-03-18 12:40:32,304 - watchfiles.main - INFO - 1 change detected
2026-03-18 12:40:32,660 - watchfiles.main - INFO - 1 change detected
2026-03-18 12:40:33,011 - watchfiles.main - INFO - 1 change detected
2026-03-18 12:40:33,366 - watchfiles.main - INFO - 1 change detected
2026-03-18 12:40:33,717 - watchfiles.main - INFO - 1 change detected
2026-03-18 12:40:34,072 - watchfiles.main - INFO - 1 change detected
2026-03-18 12:40:34,423 - watchfiles.main - INFO - 1 change detected
2026-03-18 12:40:34,774 - watchfiles.main - INFO - 1 change detected
2026-03-18 12:40:35,125 - watchfiles.main - INFO - 1 change detected
2026-03-18 12:40:35,476 - watchfiles.main - INFO - 1 change detected
2026-03-18 12:40:35,828 - watchfiles.main - INFO - 1 change detected
2026-03-18 12:40:36,179 - watchfiles.main - INFO - 1 change detected
2026-03-18 12:40:36,530 - watchfiles.main - INFO - 1 change detected
2026-03-18 12:40:36,881 - watchfiles.main - INFO - 1 change detected
2026-03-18 12:40:37,232 - watchfiles.main - INFO - 1 change detected
2026-03-18 12:40:37,583 - watchfiles.main - INFO - 1 change detected
2026-03-18 12:40:37,934 - watchfiles.main - INFO - 1 change detected
2026-03-18 12:40:38,285 - watchfiles.main - INFO - 1 change detected
2026-03-18 12:40:38,637 - watchfiles.main - INFO - 1 change detected
2026-03-18 12:40:38,988 - watchfiles.main - INFO - 1 change detected
2026-03-18 12:40:39,339 - watchfiles.main - INFO - 1 change detected
2026-03-18 12:40:39,691 - watchfiles.main - INFO - 1 change detected
2026-03-18 12:40:40,042 - watchfiles.main - INFO - 1 change detected
2026-03-18 12:40:40,394 - watchfiles.main - INFO - 1 change detected
2026-03-18 12:40:40,745 - watchfiles.main - INFO - 1 change detected
2026-03-18 12:40:41,096 - watchfiles.main - INFO - 1 change detected
2026-03-18 12:40:41,447 - watchfiles.main - INFO - 1 change detected
2026-03-18 12:40:41,798 - watchfiles.main - INFO - 1 change detected
2026-03-18 12:40:42,149 - watchfiles.main - INFO - 1 change detected
2026-03-18 12:40:42,501 - watchfiles.main - INFO - 1 change detected
2026-03-18 12:40:42,854 - watchfiles.main - INFO - 1 change detected
2026-03-18 12:40:43,209 - watchfiles.main - INFO - 1 change detected
2026-03-18 12:40:43,560 - watchfiles.main - INFO - 1 change detected
2026-03-18 12:40:43,912 - watchfiles.main - INFO - 1 change detected
2026-03-18 12:40:44,263 - watchfiles.main - INFO - 1 change detected
2026-03-18 12:40:44,614 - watchfiles.main - INFO - 1 change detected
2026-03-18 12:40:44,965 - watchfiles.main - INFO - 1 change detected
2026-03-18 12:40:45,316 - watchfiles.main - INFO - 1 change detected
2026-03-18 12:40:45,667 - watchfiles.main - INFO - 1 change detected
2026-03-18 12:40:46,018 - watchfiles.main - INFO - 1 change detected
2026-03-18 12:40:46,370 - watchfiles.main - INFO - 1 change detected
2026-03-18 12:40:46,722 - watchfiles.main - INFO - 1 change detected
2026-03-18 12:40:47,073 - watchfiles.main - INFO - 1 change detected
2026-03-18 12:40:47,425 - watchfiles.main - INFO - 1 change detected
2026-03-18 12:40:47,776 - watchfiles.main - INFO - 1 change detected
2026-03-18 12:40:48,127 - watchfiles.main - INFO - 1 change detected
2026-03-18 12:40:48,478 - watchfiles.main - INFO - 1 change detected
2026-03-18 12:40:48,832 - watchfiles.main - INFO - 1 change detected
2026-03-18 12:40:49,184 - watchfiles.main - INFO - 1 change detected
2026-03-18 12:40:49,536 - watchfiles.main - INFO - 1 change detected
2026-03-18 12:40:49,890 - watchfiles.main - INFO - 1 change detected
2026-03-18 12:40:50,244 - watchfiles.main - INFO - 1 change detected
2026-03-18 12:40:50,595 - watchfiles.main - INFO - 1 change detected
2026-03-18 12:40:50,947 - watchfiles.main - INFO - 1 change detected
2026-03-18 12:40:51,298 - watchfiles.main - INFO - 1 change detected
2026-03-18 12:40:51,649 - watchfiles.main - INFO - 1 change detected
2026-03-18 12:40:52,000 - watchfiles.main - INFO - 1 change detected
2026-03-18 12:40:52,351 - watchfiles.main - INFO - 1 change detected
2026-03-18 12:40:52,702 - watchfiles.main - INFO - 1 change detected
2026-03-18 12:40:53,054 - watchfiles.main - INFO - 1 change detected
2026-03-18 12:40:53,405 - watchfiles.main - INFO - 1 change detected
2026-03-18 12:40:53,756 - watchfiles.main - INFO - 1 change detected
2026-03-18 12:40:54,107 - watchfiles.main - INFO - 1 change detected
2026-03-18 12:40:54,459 - watchfiles.main - INFO - 1 change detected
2026-03-18 12:40:54,810 - watchfiles.main - INFO - 1 change detected
2026-03-18 12:40:55,161 - watchfiles.main - INFO - 1 change detected
2026-03-18 12:40:55,512 - watchfiles.main - INFO - 1 change detected
2026-03-18 12:40:55,864 - watchfiles.main - INFO - 1 change detected
2026-03-18 12:40:56,216 - watchfiles.main - INFO - 1 change detected
2026-03-18 12:40:56,567 - watchfiles.main - INFO - 1 change detected
2026-03-18 12:40:56,919 - watchfiles.main - INFO - 1 change detected
2026-03-18 12:40:57,273 - watchfiles.main - INFO - 1 change detected
2026-03-18 12:40:57,624 - watchfiles.main - INFO - 1 change detected
2026-03-18 12:40:57,976 - watchfiles.main - INFO - 1 change detected
2026-03-18 12:40:58,328 - watchfiles.main - INFO - 1 change detected
2026-03-18 12:40:58,679 - watchfiles.main - INFO - 1 change detected
2026-03-18 12:40:59,031 - watchfiles.main - INFO - 1 change detected
2026-03-18 12:40:59,382 - watchfiles.main - INFO - 1 change detected
2026-03-18 12:40:59,733 - watchfiles.main - INFO - 1 change detected
2026-03-18 12:41:00,084 - watchfiles.main - INFO - 1 change detected
2026-03-18 12:41:00,435 - watchfiles.main - INFO - 1 change detected
2026-03-18 12:41:00,786 - watchfiles.main - INFO - 1 change detected
2026-03-18 12:41:01,138 - watchfiles.main - INFO - 1 change detected
2026-03-18 12:41:01,489 - watchfiles.main - INFO - 1 change detected
2026-03-18 12:41:01,840 - watchfiles.main - INFO - 1 change detected
2026-03-18 12:41:02,191 - watchfiles.main - INFO - 1 change detected
2026-03-18 12:41:02,543 - watchfiles.main - INFO - 1 change detected
2026-03-18 12:41:02,894 - watchfiles.main - INFO - 1 change detected
2026-03-18 12:41:03,245 - watchfiles.main - INFO - 1 change detected
2026-03-18 12:41:03,596 - watchfiles.main - INFO - 1 change detected
2026-03-18 12:41:03,953 - watchfiles.main - INFO - 1 change detected
2026-03-18 12:41:04,305 - watchfiles.main - INFO - 1 change detected
2026-03-18 12:41:04,656 - watchfiles.main - INFO - 1 change detected
2026-03-18 12:41:05,007 - watchfiles.main - INFO - 1 change detected
2026-03-18 12:41:05,358 - watchfiles.main - INFO - 1 change detected
2026-03-18 12:41:05,709 - watchfiles.main - INFO - 1 change detected
2026-03-18 12:41:06,061 - watchfiles.main - INFO - 1 change detected
2026-03-18 12:41:06,412 - watchfiles.main - INFO - 1 change detected
2026-03-18 12:41:06,763 - watchfiles.main - INFO - 1 change detected
2026-03-18 12:41:07,114 - watchfiles.main - INFO - 1 change detected
2026-03-18 12:41:07,465 - watchfiles.main - INFO - 1 change detected
2026-03-18 12:41:07,818 - watchfiles.main - INFO - 1 change detected
2026-03-18 12:41:08,170 - watchfiles.main - INFO - 1 change detected
2026-03-18 12:41:08,521 - watchfiles.main - INFO - 1 change detected
2026-03-18 12:41:08,873 - watchfiles.main - INFO - 1 change detected
2026-03-18 12:41:09,224 - watchfiles.main - INFO - 1 change detected
2026-03-18 12:41:09,575 - watchfiles.main - INFO - 1 change detected
2026-03-18 12:41:09,926 - watchfiles.main - INFO - 1 change detected
2026-03-18 12:41:10,278 - watchfiles.main - INFO - 1 change detected
2026-03-18 12:41:10,629 - watchfiles.main - INFO - 1 change detected
2026-03-18 12:41:10,979 - watchfiles.main - INFO - 1 change detected
2026-03-18 12:41:11,331 - watchfiles.main - INFO - 1 change detected
2026-03-18 12:41:11,682 - watchfiles.main - INFO - 1 change detected
2026-03-18 12:41:12,033 - watchfiles.main - INFO - 1 change detected
2026-03-18 12:41:12,384 - watchfiles.main - INFO - 1 change detected
2026-03-18 12:41:12,735 - watchfiles.main - INFO - 1 change detected
2026-03-18 12:41:13,086 - watchfiles.main - INFO - 1 change detected
2026-03-18 12:41:13,437 - watchfiles.main - INFO - 1 change detected
2026-03-18 12:41:13,788 - watchfiles.main - INFO - 1 change detected
2026-03-18 12:41:14,139 - watchfiles.main - INFO - 1 change detected
2026-03-18 12:41:14,490 - watchfiles.main - INFO - 1 change detected
2026-03-18 12:41:14,841 - watchfiles.main - INFO - 1 change detected
2026-03-18 12:41:15,192 - watchfiles.main - INFO - 1 change detected
2026-03-18 12:41:15,543 - watchfiles.main - INFO - 1 change detected
2026-03-18 12:41:15,894 - watchfiles.main - INFO - 1 change detected
2026-03-18 12:41:16,246 - watchfiles.main - INFO - 1 change detected
2026-03-18 12:41:16,597 - watchfiles.main - INFO - 1 change detected
2026-03-18 12:41:16,952 - watchfiles.main - INFO - 1 change detected
2026-03-18 12:41:17,304 - watchfiles.main - INFO - 1 change detected
2026-03-18 12:41:17,655 - watchfiles.main - INFO - 1 change detected
2026-03-18 12:41:18,009 - watchfiles.main - INFO - 1 change detected
2026-03-18 12:41:18,361 - watchfiles.main - INFO - 1 change detected
2026-03-18 12:41:18,712 - watchfiles.main - INFO - 1 change detected
2026-03-18 12:41:19,063 - watchfiles.main - INFO - 1 change detected
2026-03-18 12:41:19,415 - watchfiles.main - INFO - 1 change detected
2026-03-18 12:41:19,766 - watchfiles.main - INFO - 1 change detected
2026-03-18 12:41:20,117 - watchfiles.main - INFO - 1 change detected
2026-03-18 12:41:20,468 - watchfiles.main - INFO - 1 change detected
2026-03-18 12:41:20,820 - watchfiles.main - INFO - 1 change detected
2026-03-18 12:41:21,171 - watchfiles.main - INFO - 1 change detected
2026-03-18 12:41:21,522 - watchfiles.main - INFO - 1 change detected
2026-03-18 12:41:21,873 - watchfiles.main - INFO - 1 change detected
2026-03-18 12:41:22,224 - watchfiles.main - INFO - 1 change detected
2026-03-18 12:41:22,576 - watchfiles.main - INFO - 1 change detected
2026-03-18 12:41:22,928 - watchfiles.main - INFO - 1 change detected
2026-03-18 12:41:23,279 - watchfiles.main - INFO - 1 change detected
2026-03-18 12:41:23,631 - watchfiles.main - INFO - 1 change detected
2026-03-18 12:41:23,982 - watchfiles.main - INFO - 1 change detected
2026-03-18 12:41:24,333 - watchfiles.main - INFO - 1 change detected
2026-03-18 12:41:24,685 - watchfiles.main - INFO - 1 change detected
2026-03-18 12:41:25,036 - watchfiles.main - INFO - 1 change detected
2026-03-18 12:41:25,387 - watchfiles.main - INFO - 1 change detected
2026-03-18 12:41:25,738 - watchfiles.main - INFO - 1 change detected
2026-03-18 12:41:26,089 - watchfiles.main - INFO - 1 change detected
2026-03-18 12:41:26,440 - watchfiles.main - INFO - 1 change detected
2026-03-18 12:41:26,791 - watchfiles.main - INFO - 1 change detected
2026-03-18 12:41:27,142 - watchfiles.main - INFO - 1 change detected
2026-03-18 12:41:27,493 - watchfiles.main - INFO - 1 change detected
2026-03-18 12:41:27,844 - watchfiles.main - INFO - 1 change detected
2026-03-18 12:41:28,195 - watchfiles.main - INFO - 1 change detected
2026-03-18 12:41:28,546 - watchfiles.main - INFO - 1 change detected
2026-03-18 12:41:28,897 - watchfiles.main - INFO - 1 change detected
2026-03-18 12:41:29,248 - watchfiles.main - INFO - 1 change detected
2026-03-18 12:41:29,599 - watchfiles.main - INFO - 1 change detected
2026-03-18 12:41:29,950 - watchfiles.main - INFO - 1 change detected
2026-03-18 12:41:30,302 - watchfiles.main - INFO - 1 change detected
2026-03-18 12:41:30,653 - watchfiles.main - INFO - 1 change detected
2026-03-18 12:41:31,004 - watchfiles.main - INFO - 1 change detected
2026-03-18 12:41:31,354 - watchfiles.main - INFO - 1 change detected
2026-03-18 12:41:31,706 - watchfiles.main - INFO - 1 change detected
2026-03-18 12:41:32,057 - watchfiles.main - INFO - 1 change detected
2026-03-18 12:41:32,408 - watchfiles.main - INFO - 1 change detected
2026-03-18 12:41:32,759 - watchfiles.main - INFO - 1 change detected
2026-03-18 12:41:33,110 - watchfiles.main - INFO - 1 change detected
2026-03-18 12:41:33,461 - watchfiles.main - INFO - 1 change detected
2026-03-18 12:41:33,812 - watchfiles.main - INFO - 1 change detected
2026-03-18 12:41:34,164 - watchfiles.main - INFO - 1 change detected
2026-03-18 12:41:34,515 - watchfiles.main - INFO - 1 change detected
2026-03-18 12:41:34,866 - watchfiles.main - INFO - 1 change detected
2026-03-18 12:41:35,217 - watchfiles.main - INFO - 1 change detected
2026-03-18 12:41:35,571 - watchfiles.main - INFO - 1 change detected
2026-03-18 12:41:35,922 - watchfiles.main - INFO - 1 change detected
2026-03-18 12:41:36,273 - watchfiles.main - INFO - 1 change detected
2026-03-18 12:41:36,625 - watchfiles.main - INFO - 1 change detected
2026-03-18 12:41:36,976 - watchfiles.main - INFO - 1 change detected
2026-03-18 12:41:37,327 - watchfiles.main - INFO - 1 change detected
2026-03-18 12:41:37,678 - watchfiles.main - INFO - 1 change detected
2026-03-18 12:41:38,029 - watchfiles.main - INFO - 1 change detected
2026-03-18 12:41:38,380 - watchfiles.main - INFO - 1 change detected
2026-03-18 12:41:38,731 - watchfiles.main - INFO - 1 change detected
2026-03-18 12:41:39,082 - watchfiles.main - INFO - 1 change detected
2026-03-18 12:41:39,433 - watchfiles.main - INFO - 1 change detected
2026-03-18 12:41:39,784 - watchfiles.main - INFO - 1 change detected
2026-03-18 12:41:40,135 - watchfiles.main - INFO - 1 change detected
2026-03-18 12:41:40,486 - watchfiles.main - INFO - 1 change detected
2026-03-18 12:41:40,837 - watchfiles.main - INFO - 1 change detected
2026-03-18 12:41:41,189 - watchfiles.main - INFO - 1 change detected
2026-03-18 12:41:41,540 - watchfiles.main - INFO - 1 change detected
2026-03-18 12:41:41,891 - watchfiles.main - INFO - 1 change detected
2026-03-18 12:41:42,242 - watchfiles.main - INFO - 1 change detected
2026-03-18 12:41:42,594 - watchfiles.main - INFO - 1 change detected
2026-03-18 12:41:42,945 - watchfiles.main - INFO - 1 change detected
2026-03-18 12:41:43,296 - watchfiles.main - INFO - 1 change detected
2026-03-18 12:41:43,647 - watchfiles.main - INFO - 1 change detected
2026-03-18 12:41:43,998 - watchfiles.main - INFO - 1 change detected
2026-03-18 12:41:44,349 - watchfiles.main - INFO - 1 change detected
2026-03-18 12:41:44,700 - watchfiles.main - INFO - 1 change detected
2026-03-18 12:41:45,051 - watchfiles.main - INFO - 1 change detected
2026-03-18 12:41:45,402 - watchfiles.main - INFO - 1 change detected
2026-03-18 12:41:45,753 - watchfiles.main - INFO - 1 change detected
2026-03-18 12:41:46,104 - watchfiles.main - INFO - 1 change detected
2026-03-18 12:41:46,455 - watchfiles.main - INFO - 1 change detected
2026-03-18 12:41:46,806 - watchfiles.main - INFO - 1 change detected
2026-03-18 12:41:47,157 - watchfiles.main - INFO - 1 change detected
2026-03-18 12:41:47,508 - watchfiles.main - INFO - 1 change detected
2026-03-18 12:41:47,860 - watchfiles.main - INFO - 1 change detected
2026-03-18 12:41:48,211 - watchfiles.main - INFO - 1 change detected
2026-03-18 12:41:48,562 - watchfiles.main - INFO - 1 change detected
2026-03-18 12:41:48,914 - watchfiles.main - INFO - 1 change detected
2026-03-18 12:41:49,266 - watchfiles.main - INFO - 1 change detected
2026-03-18 12:41:49,617 - watchfiles.main - INFO - 1 change detected
2026-03-18 12:41:49,968 - watchfiles.main - INFO - 1 change detected
2026-03-18 12:41:50,319 - watchfiles.main - INFO - 1 change detected
2026-03-18 12:41:50,670 - watchfiles.main - INFO - 1 change detected
2026-03-18 12:41:51,021 - watchfiles.main - INFO - 1 change detected
2026-03-18 12:41:51,372 - watchfiles.main - INFO - 1 change detected
2026-03-18 12:41:51,723 - watchfiles.main - INFO - 1 change detected
2026-03-18 12:41:52,074 - watchfiles.main - INFO - 1 change detected
2026-03-18 12:41:52,425 - watchfiles.main - INFO - 1 change detected
2026-03-18 12:41:52,776 - watchfiles.main - INFO - 1 change detected
2026-03-18 12:41:53,127 - watchfiles.main - INFO - 1 change detected
2026-03-18 12:41:53,478 - watchfiles.main - INFO - 1 change detected
2026-03-18 12:41:53,829 - watchfiles.main - INFO - 1 change detected
2026-03-18 12:41:54,180 - watchfiles.main - INFO - 1 change detected
2026-03-18 12:41:54,531 - watchfiles.main - INFO - 1 change detected
2026-03-18 12:41:54,882 - watchfiles.main - INFO - 1 change detected
2026-03-18 12:41:55,233 - watchfiles.main - INFO - 1 change detected
2026-03-18 12:41:55,584 - watchfiles.main - INFO - 1 change detected
2026-03-18 12:41:55,935 - watchfiles.main - INFO - 1 change detected
2026-03-18 12:41:56,287 - watchfiles.main - INFO - 1 change detected
2026-03-18 12:41:56,638 - watchfiles.main - INFO - 1 change detected
2026-03-18 12:41:56,989 - watchfiles.main - INFO - 1 change detected
2026-03-18 12:41:57,340 - watchfiles.main - INFO - 1 change detected
2026-03-18 12:41:57,692 - watchfiles.main - INFO - 1 change detected
2026-03-18 12:41:58,043 - watchfiles.main - INFO - 1 change detected
2026-03-18 12:41:58,394 - watchfiles.main - INFO - 1 change detected
2026-03-18 12:41:58,745 - watchfiles.main - INFO - 1 change detected
2026-03-18 12:41:59,096 - watchfiles.main - INFO - 1 change detected
2026-03-18 12:41:59,447 - watchfiles.main - INFO - 1 change detected
2026-03-18 12:41:59,798 - watchfiles.main - INFO - 1 change detected
2026-03-18 12:42:00,149 - watchfiles.main - INFO - 1 change detected
2026-03-18 12:42:00,500 - watchfiles.main - INFO - 1 change detected
2026-03-18 12:42:00,851 - watchfiles.main - INFO - 1 change detected
2026-03-18 12:42:01,202 - watchfiles.main - INFO - 1 change detected
2026-03-18 12:42:01,554 - watchfiles.main - INFO - 1 change detected
2026-03-18 12:42:01,905 - watchfiles.main - INFO - 1 change detected
2026-03-18 12:42:02,256 - watchfiles.main - INFO - 1 change detected
2026-03-18 12:42:02,608 - watchfiles.main - INFO - 1 change detected
2026-03-18 12:42:02,959 - watchfiles.main - INFO - 1 change detected
2026-03-18 12:42:03,310 - watchfiles.main - INFO - 1 change detected
2026-03-18 12:42:03,661 - watchfiles.main - INFO - 1 change detected
2026-03-18 12:42:04,012 - watchfiles.main - INFO - 1 change detected
2026-03-18 12:42:04,363 - watchfiles.main - INFO - 1 change detected
2026-03-18 12:42:04,715 - watchfiles.main - INFO - 1 change detected
2026-03-18 12:42:05,066 - watchfiles.main - INFO - 1 change detected
2026-03-18 12:42:05,417 - watchfiles.main - INFO - 1 change detected
2026-03-18 12:42:05,768 - watchfiles.main - INFO - 1 change detected
2026-03-18 12:42:06,120 - watchfiles.main - INFO - 1 change detected
2026-03-18 12:42:06,471 - watchfiles.main - INFO - 1 change detected
2026-03-18 12:42:06,822 - watchfiles.main - INFO - 1 change detected
2026-03-18 12:42:07,173 - watchfiles.main - INFO - 1 change detected
2026-03-18 12:42:07,524 - watchfiles.main - INFO - 1 change detected
2026-03-18 12:42:07,875 - watchfiles.main - INFO - 1 change detected
2026-03-18 12:42:08,230 - watchfiles.main - INFO - 1 change detected
2026-03-18 12:42:08,581 - watchfiles.main - INFO - 1 change detected
2026-03-18 12:42:08,933 - watchfiles.main - INFO - 1 change detected
2026-03-18 12:42:09,284 - watchfiles.main - INFO - 1 change detected
2026-03-18 12:42:09,635 - watchfiles.main - INFO - 1 change detected
2026-03-18 12:42:09,986 - watchfiles.main - INFO - 1 change detected
2026-03-18 12:42:10,337 - watchfiles.main - INFO - 1 change detected
2026-03-18 12:42:10,688 - watchfiles.main - INFO - 1 change detected
2026-03-18 12:42:11,039 - watchfiles.main - INFO - 1 change detected
2026-03-18 12:42:11,390 - watchfiles.main - INFO - 1 change detected
2026-03-18 12:42:11,741 - watchfiles.main - INFO - 1 change detected
2026-03-18 12:42:12,092 - watchfiles.main - INFO - 1 change detected
2026-03-18 12:42:12,444 - watchfiles.main - INFO - 1 change detected
2026-03-18 12:42:12,795 - watchfiles.main - INFO - 1 change detected
2026-03-18 12:42:13,146 - watchfiles.main - INFO - 1 change detected
2026-03-18 12:42:13,497 - watchfiles.main - INFO - 1 change detected
2026-03-18 12:42:13,848 - watchfiles.main - INFO - 1 change detected
2026-03-18 12:42:14,199 - watchfiles.main - INFO - 1 change detected
2026-03-18 12:42:14,553 - watchfiles.main - INFO - 1 change detected
2026-03-18 12:42:14,905 - watchfiles.main - INFO - 1 change detected
2026-03-18 12:42:15,257 - watchfiles.main - INFO - 1 change detected
2026-03-18 12:42:15,608 - watchfiles.main - INFO - 1 change detected
2026-03-18 12:42:15,959 - watchfiles.main - INFO - 1 change detected
2026-03-18 12:42:16,311 - watchfiles.main - INFO - 1 change detected
2026-03-18 12:42:16,662 - watchfiles.main - INFO - 1 change detected
2026-03-18 12:42:17,013 - watchfiles.main - INFO - 1 change detected
2026-03-18 12:42:17,364 - watchfiles.main - INFO - 1 change detected
2026-03-18 12:42:17,715 - watchfiles.main - INFO - 1 change detected
2026-03-18 12:42:18,066 - watchfiles.main - INFO - 1 change detected
2026-03-18 12:42:18,419 - watchfiles.main - INFO - 1 change detected
2026-03-18 12:42:18,770 - watchfiles.main - INFO - 1 change detected
2026-03-18 12:42:19,121 - watchfiles.main - INFO - 1 change detected
2026-03-18 12:42:19,473 - watchfiles.main - INFO - 1 change detected
2026-03-18 12:42:19,828 - watchfiles.main - INFO - 1 change detected
2026-03-18 12:42:20,179 - watchfiles.main - INFO - 1 change detected
2026-03-18 12:42:20,531 - watchfiles.main - INFO - 1 change detected
2026-03-18 12:42:20,882 - watchfiles.main - INFO - 1 change detected
2026-03-18 12:42:21,233 - watchfiles.main - INFO - 1 change detected
2026-03-18 12:42:21,585 - watchfiles.main - INFO - 1 change detected
2026-03-18 12:42:21,936 - watchfiles.main - INFO - 1 change detected
2026-03-18 12:42:22,287 - watchfiles.main - INFO - 1 change detected
2026-03-18 12:42:22,638 - watchfiles.main - INFO - 1 change detected
2026-03-18 12:42:22,992 - watchfiles.main - INFO - 1 change detected
2026-03-18 12:42:23,343 - watchfiles.main - INFO - 1 change detected
2026-03-18 12:42:23,694 - watchfiles.main - INFO - 1 change detected
2026-03-18 12:42:24,045 - watchfiles.main - INFO - 1 change detected
2026-03-18 12:42:24,396 - watchfiles.main - INFO - 1 change detected
2026-03-18 12:42:24,748 - watchfiles.main - INFO - 1 change detected
2026-03-18 12:42:25,099 - watchfiles.main - INFO - 1 change detected
2026-03-18 12:42:25,450 - watchfiles.main - INFO - 1 change detected
2026-03-18 12:42:25,801 - watchfiles.main - INFO - 1 change detected
2026-03-18 12:42:26,152 - watchfiles.main - INFO - 1 change detected
2026-03-18 12:42:26,503 - watchfiles.main - INFO - 1 change detected
2026-03-18 12:42:26,854 - watchfiles.main - INFO - 1 change detected
2026-03-18 12:42:27,206 - watchfiles.main - INFO - 1 change detected
2026-03-18 12:42:27,557 - watchfiles.main - INFO - 1 change detected
2026-03-18 12:42:27,908 - watchfiles.main - INFO - 1 change detected
2026-03-18 12:42:28,259 - watchfiles.main - INFO - 1 change detected
2026-03-18 12:42:28,610 - watchfiles.main - INFO - 1 change detected
2026-03-18 12:42:28,961 - watchfiles.main - INFO - 1 change detected
2026-03-18 12:42:29,312 - watchfiles.main - INFO - 1 change detected
2026-03-18 12:42:29,663 - watchfiles.main - INFO - 1 change detected
2026-03-18 12:42:30,014 - watchfiles.main - INFO - 1 change detected
2026-03-18 12:42:30,366 - watchfiles.main - INFO - 1 change detected
2026-03-18 12:42:30,717 - watchfiles.main - INFO - 1 change detected
2026-03-18 12:42:31,068 - watchfiles.main - INFO - 1 change detected
2026-03-18 12:42:31,419 - watchfiles.main - INFO - 1 change detected
2026-03-18 12:42:31,770 - watchfiles.main - INFO - 1 change detected
2026-03-18 12:42:32,121 - watchfiles.main - INFO - 1 change detected
2026-03-18 12:42:32,472 - watchfiles.main - INFO - 1 change detected
2026-03-18 12:42:32,823 - watchfiles.main - INFO - 1 change detected
2026-03-18 12:42:33,175 - watchfiles.main - INFO - 1 change detected
2026-03-18 12:42:33,526 - watchfiles.main - INFO - 1 change detected
2026-03-18 12:42:33,877 - watchfiles.main - INFO - 1 change detected
2026-03-18 12:42:34,228 - watchfiles.main - INFO - 1 change detected
2026-03-18 12:42:34,579 - watchfiles.main - INFO - 1 change detected
2026-03-18 12:42:34,930 - watchfiles.main - INFO - 1 change detected
2026-03-18 12:42:35,281 - watchfiles.main - INFO - 1 change detected
2026-03-18 12:42:35,633 - watchfiles.main - INFO - 1 change detected
2026-03-18 12:42:35,984 - watchfiles.main - INFO - 1 change detected
2026-03-18 12:42:36,335 - watchfiles.main - INFO - 1 change detected
2026-03-18 12:42:36,686 - watchfiles.main - INFO - 1 change detected
2026-03-18 12:42:37,037 - watchfiles.main - INFO - 1 change detected
2026-03-18 12:42:37,388 - watchfiles.main - INFO - 1 change detected
2026-03-18 12:42:37,739 - watchfiles.main - INFO - 1 change detected
2026-03-18 12:42:38,090 - watchfiles.main - INFO - 1 change detected
2026-03-18 12:42:38,441 - watchfiles.main - INFO - 1 change detected
2026-03-18 12:42:38,796 - watchfiles.main - INFO - 1 change detected
2026-03-18 12:42:39,147 - watchfiles.main - INFO - 1 change detected
2026-03-18 12:42:39,498 - watchfiles.main - INFO - 1 change detected
2026-03-18 12:42:39,849 - watchfiles.main - INFO - 1 change detected
2026-03-18 12:42:40,200 - watchfiles.main - INFO - 1 change detected
2026-03-18 12:42:40,551 - watchfiles.main - INFO - 1 change detected
2026-03-18 12:42:40,902 - watchfiles.main - INFO - 1 change detected
2026-03-18 12:42:41,253 - watchfiles.main - INFO - 1 change detected
2026-03-18 12:42:41,604 - watchfiles.main - INFO - 1 change detected
2026-03-18 12:42:41,955 - watchfiles.main - INFO - 1 change detected
2026-03-18 12:42:42,306 - watchfiles.main - INFO - 1 change detected
2026-03-18 12:42:42,657 - watchfiles.main - INFO - 1 change detected
2026-03-18 12:42:43,008 - watchfiles.main - INFO - 1 change detected
2026-03-18 12:42:43,359 - watchfiles.main - INFO - 1 change detected
2026-03-18 12:42:43,711 - watchfiles.main - INFO - 1 change detected
2026-03-18 12:42:44,062 - watchfiles.main - INFO - 1 change detected
2026-03-18 12:42:44,413 - watchfiles.main - INFO - 1 change detected
2026-03-18 12:42:44,764 - watchfiles.main - INFO - 1 change detected
2026-03-18 12:42:45,115 - watchfiles.main - INFO - 1 change detected
2026-03-18 12:42:45,466 - watchfiles.main - INFO - 1 change detected
2026-03-18 12:42:45,817 - watchfiles.main - INFO - 1 change detected
2026-03-18 12:42:46,168 - watchfiles.main - INFO - 1 change detected
2026-03-18 12:42:46,520 - watchfiles.main - INFO - 1 change detected
2026-03-18 12:42:46,871 - watchfiles.main - INFO - 1 change detected
2026-03-18 12:42:47,222 - watchfiles.main - INFO - 1 change detected
2026-03-18 12:42:47,573 - watchfiles.main - INFO - 1 change detected
2026-03-18 12:42:47,924 - watchfiles.main - INFO - 1 change detected
2026-03-18 12:42:48,275 - watchfiles.main - INFO - 1 change detected
2026-03-18 12:42:48,626 - watchfiles.main - INFO - 1 change detected
2026-03-18 12:42:48,978 - watchfiles.main - INFO - 1 change detected
2026-03-18 12:42:49,329 - watchfiles.main - INFO - 1 change detected
2026-03-18 12:42:49,680 - watchfiles.main - INFO - 1 change detected
2026-03-18 12:42:50,031 - watchfiles.main - INFO - 1 change detected
2026-03-18 12:42:50,383 - watchfiles.main - INFO - 1 change detected
2026-03-18 12:42:50,734 - watchfiles.main - INFO - 1 change detected
2026-03-18 12:42:51,085 - watchfiles.main - INFO - 1 change detected
2026-03-18 12:42:51,436 - watchfiles.main - INFO - 1 change detected
2026-03-18 12:42:51,792 - watchfiles.main - INFO - 1 change detected
2026-03-18 12:42:52,146 - watchfiles.main - INFO - 1 change detected
2026-03-18 12:42:52,497 - watchfiles.main - INFO - 1 change detected
2026-03-18 12:42:52,849 - watchfiles.main - INFO - 1 change detected
2026-03-18 12:42:53,200 - watchfiles.main - INFO - 1 change detected
2026-03-18 12:42:53,554 - watchfiles.main - INFO - 1 change detected
2026-03-18 12:42:53,905 - watchfiles.main - INFO - 1 change detected
2026-03-18 12:42:54,256 - watchfiles.main - INFO - 1 change detected
2026-03-18 12:42:54,607 - watchfiles.main - INFO - 1 change detected
2026-03-18 12:42:54,958 - watchfiles.main - INFO - 1 change detected
2026-03-18 12:42:55,310 - watchfiles.main - INFO - 1 change detected
2026-03-18 12:42:55,662 - watchfiles.main - INFO - 1 change detected
2026-03-18 12:42:56,013 - watchfiles.main - INFO - 1 change detected
2026-03-18 12:42:56,364 - watchfiles.main - INFO - 1 change detected
2026-03-18 12:42:56,715 - watchfiles.main - INFO - 1 change detected
2026-03-18 12:42:57,066 - watchfiles.main - INFO - 1 change detected
2026-03-18 12:42:57,417 - watchfiles.main - INFO - 1 change detected
2026-03-18 12:42:57,768 - watchfiles.main - INFO - 1 change detected
2026-03-18 12:42:58,119 - watchfiles.main - INFO - 1 change detected
2026-03-18 12:42:58,471 - watchfiles.main - INFO - 1 change detected
2026-03-18 12:42:58,822 - watchfiles.main - INFO - 1 change detected
2026-03-18 12:42:59,173 - watchfiles.main - INFO - 1 change detected
2026-03-18 12:42:59,524 - watchfiles.main - INFO - 1 change detected
2026-03-18 12:42:59,875 - watchfiles.main - INFO - 1 change detected
2026-03-18 12:43:00,226 - watchfiles.main - INFO - 1 change detected
2026-03-18 12:43:00,578 - watchfiles.main - INFO - 1 change detected
2026-03-18 12:43:00,929 - watchfiles.main - INFO - 1 change detected
2026-03-18 12:43:01,280 - watchfiles.main - INFO - 1 change detected
2026-03-18 12:43:01,631 - watchfiles.main - INFO - 1 change detected
2026-03-18 12:43:01,983 - watchfiles.main - INFO - 1 change detected
2026-03-18 12:43:02,334 - watchfiles.main - INFO - 1 change detected
2026-03-18 12:43:02,685 - watchfiles.main - INFO - 1 change detected
2026-03-18 12:43:03,036 - watchfiles.main - INFO - 1 change detected
2026-03-18 12:43:03,387 - watchfiles.main - INFO - 1 change detected
2026-03-18 12:43:03,738 - watchfiles.main - INFO - 1 change detected
2026-03-18 12:43:04,089 - watchfiles.main - INFO - 1 change detected
2026-03-18 12:43:04,441 - watchfiles.main - INFO - 1 change detected
2026-03-18 12:43:04,793 - watchfiles.main - INFO - 1 change detected
2026-03-18 12:43:05,144 - watchfiles.main - INFO - 1 change detected
2026-03-18 12:43:05,495 - watchfiles.main - INFO - 1 change detected
2026-03-18 12:43:05,846 - watchfiles.main - INFO - 1 change detected
2026-03-18 12:43:06,202 - watchfiles.main - INFO - 1 change detected
2026-03-18 12:43:06,553 - watchfiles.main - INFO - 1 change detected
2026-03-18 12:43:06,905 - watchfiles.main - INFO - 1 change detected
2026-03-18 12:43:07,256 - watchfiles.main - INFO - 1 change detected
2026-03-18 12:43:07,607 - watchfiles.main - INFO - 1 change detected
2026-03-18 12:43:07,958 - watchfiles.main - INFO - 1 change detected
2026-03-18 12:43:08,309 - watchfiles.main - INFO - 1 change detected
2026-03-18 12:43:08,660 - watchfiles.main - INFO - 1 change detected
2026-03-18 12:43:09,011 - watchfiles.main - INFO - 1 change detected
2026-03-18 12:43:09,362 - watchfiles.main - INFO - 1 change detected
2026-03-18 12:43:09,713 - watchfiles.main - INFO - 1 change detected
2026-03-18 12:43:10,064 - watchfiles.main - INFO - 1 change detected
2026-03-18 12:43:10,415 - watchfiles.main - INFO - 1 change detected
2026-03-18 12:43:10,766 - watchfiles.main - INFO - 1 change detected
2026-03-18 12:43:11,117 - watchfiles.main - INFO - 1 change detected
INFO:     127.0.0.1:42884 - "GET /api/v1/monedass HTTP/1.1" 404 Not Found
2026-03-18 12:43:11,468 - watchfiles.main - INFO - 1 change detected
2026-03-18 12:43:11,819 - watchfiles.main - INFO - 1 change detected
2026-03-18 12:43:12,170 - watchfiles.main - INFO - 1 change detected
2026-03-18 12:43:12,521 - watchfiles.main - INFO - 1 change detected
2026-03-18 12:43:12,873 - watchfiles.main - INFO - 1 change detected
2026-03-18 12:43:13,224 - watchfiles.main - INFO - 1 change detected
2026-03-18 12:43:13,575 - watchfiles.main - INFO - 1 change detected
2026-03-18 12:43:13,926 - watchfiles.main - INFO - 1 change detected
2026-03-18 12:43:14,277 - watchfiles.main - INFO - 1 change detected
2026-03-18 12:43:14,628 - watchfiles.main - INFO - 1 change detected
2026-03-18 12:43:14,979 - watchfiles.main - INFO - 1 change detected
2026-03-18 12:43:15,330 - watchfiles.main - INFO - 1 change detected
2026-03-18 12:43:15,681 - watchfiles.main - INFO - 1 change detected
2026-03-18 12:43:16,032 - watchfiles.main - INFO - 1 change detected
2026-03-18 12:43:16,383 - watchfiles.main - INFO - 1 change detected
2026-03-18 12:43:16,734 - watchfiles.main - INFO - 1 change detected
2026-03-18 12:43:17,085 - watchfiles.main - INFO - 1 change detected
2026-03-18 12:43:17,436 - watchfiles.main - INFO - 1 change detected
2026-03-18 12:43:17,787 - watchfiles.main - INFO - 1 change detected
2026-03-18 12:43:18,139 - watchfiles.main - INFO - 1 change detected
2026-03-18 12:43:18,490 - watchfiles.main - INFO - 1 change detected
2026-03-18 12:43:18,841 - watchfiles.main - INFO - 1 change detected
2026-03-18 12:43:19,192 - watchfiles.main - INFO - 1 change detected
2026-03-18 12:43:19,543 - watchfiles.main - INFO - 1 change detected
2026-03-18 12:43:19,894 - watchfiles.main - INFO - 1 change detected
2026-03-18 12:43:20,245 - watchfiles.main - INFO - 1 change detected
2026-03-18 12:43:20,596 - watchfiles.main - INFO - 1 change detected
2026-03-18 12:43:20,947 - watchfiles.main - INFO - 1 change detected
2026-03-18 12:43:21,298 - watchfiles.main - INFO - 1 change detected
2026-03-18 12:43:21,649 - watchfiles.main - INFO - 1 change detected
2026-03-18 12:43:22,000 - watchfiles.main - INFO - 1 change detected
2026-03-18 12:43:22,351 - watchfiles.main - INFO - 1 change detected
INFO:     127.0.0.1:55674 - "GET /api/v1/monedass HTTP/1.1" 404 Not Found
2026-03-18 12:43:22,702 - watchfiles.main - INFO - 1 change detected
2026-03-18 12:43:23,053 - watchfiles.main - INFO - 1 change detected
2026-03-18 12:43:23,405 - watchfiles.main - INFO - 1 change detected
2026-03-18 12:43:23,756 - watchfiles.main - INFO - 1 change detected
2026-03-18 12:43:24,107 - watchfiles.main - INFO - 1 change detected
2026-03-18 12:43:24,459 - watchfiles.main - INFO - 1 change detected
2026-03-18 12:43:24,815 - watchfiles.main - INFO - 1 change detected
2026-03-18 12:43:25,166 - watchfiles.main - INFO - 1 change detected
2026-03-18 12:43:25,517 - watchfiles.main - INFO - 1 change detected
2026-03-18 12:43:25,868 - watchfiles.main - INFO - 1 change detected
2026-03-18 12:43:26,219 - watchfiles.main - INFO - 1 change detected
2026-03-18 12:43:26,570 - watchfiles.main - INFO - 1 change detected
2026-03-18 12:43:26,921 - watchfiles.main - INFO - 1 change detected
2026-03-18 12:43:27,272 - watchfiles.main - INFO - 1 change detected
2026-03-18 12:43:27,623 - watchfiles.main - INFO - 1 change detected
2026-03-18 12:43:27,974 - watchfiles.main - INFO - 1 change detected
2026-03-18 12:43:28,325 - watchfiles.main - INFO - 1 change detected
2026-03-18 12:43:28,677 - watchfiles.main - INFO - 1 change detected
2026-03-18 12:43:29,028 - watchfiles.main - INFO - 1 change detected
2026-03-18 12:43:29,379 - watchfiles.main - INFO - 1 change detected
2026-03-18 12:43:29,730 - watchfiles.main - INFO - 1 change detected
INFO:     127.0.0.1:53914 - "GET /api/v1/monedass?limit=5 HTTP/1.1" 404 Not Found
2026-03-18 12:43:30,081 - watchfiles.main - INFO - 1 change detected
2026-03-18 12:43:30,432 - watchfiles.main - INFO - 1 change detected
2026-03-18 12:43:30,783 - watchfiles.main - INFO - 1 change detected
2026-03-18 12:43:31,135 - watchfiles.main - INFO - 1 change detected
2026-03-18 12:43:31,486 - watchfiles.main - INFO - 1 change detected
2026-03-18 12:43:31,837 - watchfiles.main - INFO - 1 change detected
2026-03-18 12:43:32,189 - watchfiles.main - INFO - 1 change detected
2026-03-18 12:43:32,540 - watchfiles.main - INFO - 1 change detected
2026-03-18 12:43:32,891 - watchfiles.main - INFO - 1 change detected
2026-03-18 12:43:33,242 - watchfiles.main - INFO - 1 change detected
2026-03-18 12:43:33,593 - watchfiles.main - INFO - 1 change detected
2026-03-18 12:43:33,943 - watchfiles.main - INFO - 1 change detected
2026-03-18 12:43:34,294 - watchfiles.main - INFO - 1 change detected
2026-03-18 12:43:34,645 - watchfiles.main - INFO - 1 change detected
2026-03-18 12:43:34,996 - watchfiles.main - INFO - 1 change detected
2026-03-18 12:43:35,348 - watchfiles.main - INFO - 1 change detected
2026-03-18 12:43:35,699 - watchfiles.main - INFO - 1 change detected
2026-03-18 12:43:36,050 - watchfiles.main - INFO - 1 change detected
2026-03-18 12:43:36,402 - watchfiles.main - INFO - 1 change detected
2026-03-18 12:43:36,753 - watchfiles.main - INFO - 1 change detected
2026-03-18 12:43:37,104 - watchfiles.main - INFO - 1 change detected
2026-03-18 12:43:37,455 - watchfiles.main - INFO - 1 change detected
2026-03-18 12:43:37,806 - watchfiles.main - INFO - 1 change detected
2026-03-18 12:43:38,157 - watchfiles.main - INFO - 1 change detected
2026-03-18 12:43:38,508 - watchfiles.main - INFO - 1 change detected
2026-03-18 12:43:38,859 - watchfiles.main - INFO - 1 change detected
2026-03-18 12:43:39,210 - watchfiles.main - INFO - 1 change detected
2026-03-18 12:43:39,561 - watchfiles.main - INFO - 1 change detected
2026-03-18 12:43:39,912 - watchfiles.main - INFO - 1 change detected
2026-03-18 12:43:40,263 - watchfiles.main - INFO - 1 change detected
2026-03-18 12:43:40,614 - watchfiles.main - INFO - 1 change detected
2026-03-18 12:43:40,966 - watchfiles.main - INFO - 1 change detected
2026-03-18 12:43:41,316 - watchfiles.main - INFO - 1 change detected
INFO:     127.0.0.1:38190 - "GET /api/v1/monedass HTTP/1.1" 404 Not Found
2026-03-18 12:43:41,668 - watchfiles.main - INFO - 1 change detected
2026-03-18 12:43:42,019 - watchfiles.main - INFO - 1 change detected
2026-03-18 12:43:42,371 - watchfiles.main - INFO - 1 change detected
2026-03-18 12:43:42,722 - watchfiles.main - INFO - 1 change detected
2026-03-18 12:43:43,073 - watchfiles.main - INFO - 1 change detected
2026-03-18 12:43:43,425 - watchfiles.main - INFO - 1 change detected
2026-03-18 12:43:43,776 - watchfiles.main - INFO - 1 change detected
2026-03-18 12:43:44,127 - watchfiles.main - INFO - 1 change detected
2026-03-18 12:43:44,478 - watchfiles.main - INFO - 1 change detected
2026-03-18 12:43:44,829 - watchfiles.main - INFO - 1 change detected
2026-03-18 12:43:45,180 - watchfiles.main - INFO - 1 change detected
2026-03-18 12:43:45,531 - watchfiles.main - INFO - 1 change detected
2026-03-18 12:43:45,882 - watchfiles.main - INFO - 1 change detected
2026-03-18 12:43:46,233 - watchfiles.main - INFO - 1 change detected
2026-03-18 12:43:46,584 - watchfiles.main - INFO - 1 change detected
2026-03-18 12:43:46,935 - watchfiles.main - INFO - 1 change detected
2026-03-18 12:43:47,286 - watchfiles.main - INFO - 1 change detected
2026-03-18 12:43:47,637 - watchfiles.main - INFO - 1 change detected
2026-03-18 12:43:47,988 - watchfiles.main - INFO - 1 change detected
INFO:     127.0.0.1:40268 - "GET /api/v1/ HTTP/1.1" 200 OK
2026-03-18 12:43:48,340 - watchfiles.main - INFO - 1 change detected
2026-03-18 12:43:48,691 - watchfiles.main - INFO - 1 change detected
2026-03-18 12:43:49,042 - watchfiles.main - INFO - 1 change detected
2026-03-18 12:43:49,394 - watchfiles.main - INFO - 1 change detected
2026-03-18 12:43:49,745 - watchfiles.main - INFO - 1 change detected
2026-03-18 12:43:50,096 - watchfiles.main - INFO - 1 change detected
2026-03-18 12:43:50,447 - watchfiles.main - INFO - 1 change detected
2026-03-18 12:43:50,798 - watchfiles.main - INFO - 1 change detected
2026-03-18 12:43:51,149 - watchfiles.main - INFO - 1 change detected
2026-03-18 12:43:51,501 - watchfiles.main - INFO - 1 change detected
2026-03-18 12:43:51,851 - watchfiles.main - INFO - 1 change detected
2026-03-18 12:43:52,203 - watchfiles.main - INFO - 1 change detected
2026-03-18 12:43:52,554 - watchfiles.main - INFO - 1 change detected
2026-03-18 12:43:52,905 - watchfiles.main - INFO - 1 change detected
2026-03-18 12:43:53,256 - watchfiles.main - INFO - 1 change detected
2026-03-18 12:43:53,607 - watchfiles.main - INFO - 1 change detected
INFO:     127.0.0.1:40280 - "GET /api/v1/ HTTP/1.1" 200 OK
2026-03-18 12:43:53,958 - watchfiles.main - INFO - 1 change detected
2026-03-18 12:43:54,309 - watchfiles.main - INFO - 1 change detected
2026-03-18 12:43:54,660 - watchfiles.main - INFO - 1 change detected
2026-03-18 12:43:55,011 - watchfiles.main - INFO - 1 change detected
2026-03-18 12:43:55,362 - watchfiles.main - INFO - 1 change detected
2026-03-18 12:43:55,713 - watchfiles.main - INFO - 1 change detected
2026-03-18 12:43:56,064 - watchfiles.main - INFO - 1 change detected
2026-03-18 12:43:56,415 - watchfiles.main - INFO - 1 change detected
2026-03-18 12:43:56,766 - watchfiles.main - INFO - 1 change detected
2026-03-18 12:43:57,117 - watchfiles.main - INFO - 1 change detected
2026-03-18 12:43:57,468 - watchfiles.main - INFO - 1 change detected
2026-03-18 12:43:57,819 - watchfiles.main - INFO - 1 change detected
2026-03-18 12:43:58,170 - watchfiles.main - INFO - 1 change detected
2026-03-18 12:43:58,521 - watchfiles.main - INFO - 1 change detected
2026-03-18 12:43:58,872 - watchfiles.main - INFO - 1 change detected
2026-03-18 12:43:59,224 - watchfiles.main - INFO - 1 change detected
2026-03-18 12:43:59,575 - watchfiles.main - INFO - 1 change detected
2026-03-18 12:43:59,926 - watchfiles.main - INFO - 1 change detected
2026-03-18 12:44:00,277 - watchfiles.main - INFO - 1 change detected
2026-03-18 12:44:00,628 - watchfiles.main - INFO - 1 change detected
2026-03-18 12:44:00,979 - watchfiles.main - INFO - 1 change detected
INFO:     127.0.0.1:49782 - "GET /api/v1/monedass?skip=0&limit=5 HTTP/1.1" 404 Not Found
2026-03-18 12:44:01,330 - watchfiles.main - INFO - 1 change detected
2026-03-18 12:44:01,681 - watchfiles.main - INFO - 1 change detected
2026-03-18 12:44:02,034 - watchfiles.main - INFO - 1 change detected
2026-03-18 12:44:02,385 - watchfiles.main - INFO - 1 change detected
2026-03-18 12:44:02,737 - watchfiles.main - INFO - 1 change detected
2026-03-18 12:44:03,088 - watchfiles.main - INFO - 1 change detected
2026-03-18 12:44:03,439 - watchfiles.main - INFO - 1 change detected
2026-03-18 12:44:03,790 - watchfiles.main - INFO - 1 change detected
2026-03-18 12:44:04,141 - watchfiles.main - INFO - 1 change detected
2026-03-18 12:44:04,492 - watchfiles.main - INFO - 1 change detected
2026-03-18 12:44:04,843 - watchfiles.main - INFO - 1 change detected
2026-03-18 12:44:05,194 - watchfiles.main - INFO - 1 change detected
2026-03-18 12:44:05,545 - watchfiles.main - INFO - 1 change detected
2026-03-18 12:44:05,896 - watchfiles.main - INFO - 1 change detected
2026-03-18 12:44:06,247 - watchfiles.main - INFO - 1 change detected
2026-03-18 12:44:06,598 - watchfiles.main - INFO - 1 change detected
2026-03-18 12:44:06,949 - watchfiles.main - INFO - 1 change detected
2026-03-18 12:44:07,300 - watchfiles.main - INFO - 1 change detected
2026-03-18 12:44:07,651 - watchfiles.main - INFO - 1 change detected
2026-03-18 12:44:08,002 - watchfiles.main - INFO - 1 change detected
2026-03-18 12:44:08,353 - watchfiles.main - INFO - 1 change detected
2026-03-18 12:44:08,704 - watchfiles.main - INFO - 1 change detected
2026-03-18 12:44:09,055 - watchfiles.main - INFO - 1 change detected
2026-03-18 12:44:09,406 - watchfiles.main - INFO - 1 change detected
2026-03-18 12:44:09,757 - watchfiles.main - INFO - 1 change detected
2026-03-18 12:44:10,108 - watchfiles.main - INFO - 1 change detected
2026-03-18 12:44:10,459 - watchfiles.main - INFO - 1 change detected
2026-03-18 12:44:10,810 - watchfiles.main - INFO - 1 change detected
2026-03-18 12:44:11,161 - watchfiles.main - INFO - 1 change detected
2026-03-18 12:44:11,512 - watchfiles.main - INFO - 1 change detected
2026-03-18 12:44:11,863 - watchfiles.main - INFO - 1 change detected
2026-03-18 12:44:12,214 - watchfiles.main - INFO - 1 change detected
2026-03-18 12:44:12,565 - watchfiles.main - INFO - 1 change detected
2026-03-18 12:44:12,916 - watchfiles.main - INFO - 1 change detected
INFO:     127.0.0.1:36074 - "GET /api/v1/monedass HTTP/1.1" 404 Not Found
INFO:     127.0.0.1:36084 - "GET /api/v1/monedass HTTP/1.1" 404 Not Found
2026-03-18 12:44:13,267 - watchfiles.main - INFO - 1 change detected
2026-03-18 12:44:13,618 - watchfiles.main - INFO - 1 change detected
2026-03-18 12:44:13,970 - watchfiles.main - INFO - 1 change detected
2026-03-18 12:44:14,323 - watchfiles.main - INFO - 1 change detected
2026-03-18 12:44:14,674 - watchfiles.main - INFO - 1 change detected
2026-03-18 12:44:15,025 - watchfiles.main - INFO - 1 change detected
2026-03-18 12:44:15,376 - watchfiles.main - INFO - 1 change detected
2026-03-18 12:44:15,727 - watchfiles.main - INFO - 1 change detected
2026-03-18 12:44:16,078 - watchfiles.main - INFO - 1 change detected
2026-03-18 12:44:16,429 - watchfiles.main - INFO - 1 change detected
2026-03-18 12:44:16,780 - watchfiles.main - INFO - 1 change detected
2026-03-18 12:44:17,131 - watchfiles.main - INFO - 1 change detected
2026-03-18 12:44:17,482 - watchfiles.main - INFO - 1 change detected
2026-03-18 12:44:17,833 - watchfiles.main - INFO - 1 change detected
2026-03-18 12:44:18,184 - watchfiles.main - INFO - 1 change detected
2026-03-18 12:44:18,536 - watchfiles.main - INFO - 1 change detected
2026-03-18 12:44:18,887 - watchfiles.main - INFO - 1 change detected
2026-03-18 12:44:19,238 - watchfiles.main - INFO - 1 change detected
2026-03-18 12:44:19,589 - watchfiles.main - INFO - 1 change detected
2026-03-18 12:44:19,941 - watchfiles.main - INFO - 1 change detected
INFO:     Shutting down
INFO:     Waiting for application shutdown.
INFO:     Application shutdown complete.
INFO:     Finished server process [40422]
INFO:     Stopping reloader process [40334]
